#
# There is insufficient memory for the Java Runtime Environment to continue.
# Native memory allocation (mmap) failed to map 134217728 bytes for G1 virtual space
# Possible reasons:
#   The system is out of physical RAM or swap space
#   The process is running with CompressedOops enabled, and the Java Heap may be blocking the growth of the native heap
# Possible solutions:
#   Reduce memory load on the system
#   Increase physical memory or swap space
#   Check if swap backing store is full
#   Decrease Java heap size (-Xmx/-Xms)
#   Decrease number of Java threads
#   Decrease Java thread stack sizes (-Xss)
#   Set larger code cache with -XX:ReservedCodeCacheSize=
#   JVM is running with Unscaled Compressed Oops mode in which the Java heap is
#     placed in the first 4GB address space. The Java Heap base address is the
#     maximum limit for the native heap growth. Please use -XX:HeapBaseMinAddress
#     to set the Java Heap base and to place the Java Heap above 4GB virtual address.
# This output file may be truncated or incomplete.
#
#  Out of Memory Error (os_windows.cpp:3557), pid=36216, tid=28404
#
# JRE version:  (17.0.6+10) (build )
# Java VM: OpenJDK 64-Bit Server VM (17.0.6+10, mixed mode, emulated-client, sharing, tiered, compressed oops, compressed class ptrs, g1 gc, windows-amd64)
# No core dump will be written. Minidumps are not enabled by default on client versions of Windows
#

---------------  S U M M A R Y ------------

Command Line: -Dcom.sun.management.jmxremote -Dcom.sun.management.jmxremote.port=62082 -Dcom.sun.management.jmxremote.authenticate=false -Dcom.sun.management.jmxremote.ssl=false -Djava.rmi.server.hostname=localhost -Dspring.jmx.enabled=true -Dmanagement.endpoints.jmx.exposure.include=* -Dspring.application.admin.enabled=true -XX:TieredStopAtLevel=1 -Dspring.boot.project.name=momento -Dfile.encoding=UTF-8 -XX:+ShowCodeDetailsInExceptionMessages project.momento.MerongApplication --spring.output.ansi.enabled=always

Host: Intel(R) Core(TM) i5-8250U CPU @ 1.60GHz, 8 cores, 7G,  Windows 10 , 64 bit Build 19041 (10.0.19041.2913)
Time: Sun Jun 11 12:57:37 2023  Windows 10 , 64 bit Build 19041 (10.0.19041.2913) elapsed time: 0.015055 seconds (0d 0h 0m 0s)

---------------  T H R E A D  ---------------

Current thread (0x0000022b0a7a5c40):  JavaThread "Unknown thread" [_thread_in_vm, id=28404, stack(0x000000fcf6100000,0x000000fcf6200000)]

Stack: [0x000000fcf6100000,0x000000fcf6200000]
Native frames: (J=compiled Java code, j=interpreted, Vv=VM code, C=native code)
V  [jvm.dll+0x67741a]
V  [jvm.dll+0x834434]
V  [jvm.dll+0x835bde]
V  [jvm.dll+0x836243]
V  [jvm.dll+0x2457b5]
V  [jvm.dll+0x674329]
V  [jvm.dll+0x6689da]
V  [jvm.dll+0x30489b]
V  [jvm.dll+0x30bd96]
V  [jvm.dll+0x35b57e]
V  [jvm.dll+0x35b7af]
V  [jvm.dll+0x2db778]
V  [jvm.dll+0x2dc6e4]
V  [jvm.dll+0x806131]
V  [jvm.dll+0x369331]
V  [jvm.dll+0x7e56ac]
V  [jvm.dll+0x3eb35f]
V  [jvm.dll+0x3ecea1]
C  [jli.dll+0x5267]
C  [ucrtbase.dll+0x21bb2]
C  [KERNEL32.DLL+0x17614]
C  [ntdll.dll+0x526a1]


---------------  P R O C E S S  ---------------

Threads class SMR info:
_java_thread_list=0x00007ff992125fd8, length=0, elements={
}

Java Threads: ( => current thread )

Other Threads:
  0x0000022b0a801f30 GCTaskThread "GC Thread#0" [stack: 0x000000fcf6200000,0x000000fcf6300000] [id=43852]
  0x0000022b0a813260 ConcurrentGCThread "G1 Main Marker" [stack: 0x000000fcf6300000,0x000000fcf6400000] [id=41632]
  0x0000022b0a813b80 ConcurrentGCThread "G1 Conc#0" [stack: 0x000000fcf6400000,0x000000fcf6500000] [id=38452]

[error occurred during error reporting (printing all threads), id 0xc0000005, EXCEPTION_ACCESS_VIOLATION (0xc0000005) at pc=0x00007ff9918fc1e7]

VM state: not at safepoint (not fully initialized)

VM Mutex/Monitor currently owned by a thread:  ([mutex/lock_event])
[0x0000022b0a7a1530] Heap_lock - owner thread: 0x0000022b0a7a5c40

Heap address: 0x0000000081600000, size: 2026 MB, Compressed Oops mode: 32-bit

CDS archive(s) mapped at: [0x0000000000000000-0x0000000000000000-0x0000000000000000), size 0, SharedBaseAddress: 0x0000000800000000, ArchiveRelocationMode: 0.
Narrow klass base: 0x0000000000000000, Narrow klass shift: 0, Narrow klass range: 0x0

GC Precious Log:
<Empty>

Heap:
 garbage-first heap   total 0K, used 0K [0x0000000081600000, 0x0000000100000000)
  region size 1024K, 0 young (0K), 0 survivors (0K)

[error occurred during error reporting (printing heap information), id 0xc0000005, EXCEPTION_ACCESS_VIOLATION (0xc0000005) at pc=0x00007ff991ce06f9]

GC Heap History (0 events):
No events

Dll operation events (1 events):
Event: 0.009 Loaded shared library C:\sts-4.17.2.RELEASE\plugins\org.eclipse.justj.openjdk.hotspot.jre.full.win32.x86_64_17.0.6.v20230125-1136\jre\bin\java.dll

Deoptimization events (0 events):
No events

Classes unloaded (0 events):
No events

Classes redefined (0 events):
No events

Internal exceptions (0 events):
No events

VM Operations (0 events):
No events

Events (0 events):
No events


Dynamic libraries:
0x00007ff75f3e0000 - 0x00007ff75f3ee000 	C:\sts-4.17.2.RELEASE\plugins\org.eclipse.justj.openjdk.hotspot.jre.full.win32.x86_64_17.0.6.v20230125-1136\jre\bin\javaw.exe
0x00007ffa25d50000 - 0x00007ffa25f48000 	C:\WINDOWS\SYSTEM32\ntdll.dll
0x00007ffa25240000 - 0x00007ffa252ff000 	C:\WINDOWS\System32\KERNEL32.DLL
0x00007ffa237d0000 - 0x00007ffa23ac6000 	C:\WINDOWS\System32\KERNELBASE.dll
0x00007ffa23c20000 - 0x00007ffa23d20000 	C:\WINDOWS\System32\ucrtbase.dll
0x00007ffa1a750000 - 0x00007ffa1a769000 	C:\sts-4.17.2.RELEASE\plugins\org.eclipse.justj.openjdk.hotspot.jre.full.win32.x86_64_17.0.6.v20230125-1136\jre\bin\VCRUNTIME140.dll
0x00007ff9fe3d0000 - 0x00007ff9fe3e7000 	C:\sts-4.17.2.RELEASE\plugins\org.eclipse.justj.openjdk.hotspot.jre.full.win32.x86_64_17.0.6.v20230125-1136\jre\bin\jli.dll
0x00007ffa24dd0000 - 0x00007ffa24f6d000 	C:\WINDOWS\System32\USER32.dll
0x00007ffa23700000 - 0x00007ffa23722000 	C:\WINDOWS\System32\win32u.dll
0x00007ffa250f0000 - 0x00007ffa2511c000 	C:\WINDOWS\System32\GDI32.dll
0x00007ffa0e0d0000 - 0x00007ffa0e36a000 	C:\WINDOWS\WinSxS\amd64_microsoft.windows.common-controls_6595b64144ccf1df_6.0.19041.1110_none_60b5254171f9507e\COMCTL32.dll
0x00007ffa25120000 - 0x00007ffa251be000 	C:\WINDOWS\System32\msvcrt.dll
0x00007ffa235e0000 - 0x00007ffa236f5000 	C:\WINDOWS\System32\gdi32full.dll
0x00007ffa23b80000 - 0x00007ffa23c1d000 	C:\WINDOWS\System32\msvcp_win.dll
0x00007ffa244f0000 - 0x00007ffa24520000 	C:\WINDOWS\System32\IMM32.DLL
0x00007ffa1c3b0000 - 0x00007ffa1c3bc000 	C:\sts-4.17.2.RELEASE\plugins\org.eclipse.justj.openjdk.hotspot.jre.full.win32.x86_64_17.0.6.v20230125-1136\jre\bin\vcruntime140_1.dll
0x00007ff9f8550000 - 0x00007ff9f85e1000 	C:\sts-4.17.2.RELEASE\plugins\org.eclipse.justj.openjdk.hotspot.jre.full.win32.x86_64_17.0.6.v20230125-1136\jre\bin\msvcp140.dll
0x00007ff991610000 - 0x00007ff992257000 	C:\sts-4.17.2.RELEASE\plugins\org.eclipse.justj.openjdk.hotspot.jre.full.win32.x86_64_17.0.6.v20230125-1136\jre\bin\server\jvm.dll
0x00007ffa25a50000 - 0x00007ffa25aff000 	C:\WINDOWS\System32\ADVAPI32.dll
0x00007ffa25b70000 - 0x00007ffa25c0c000 	C:\WINDOWS\System32\sechost.dll
0x00007ffa23fb0000 - 0x00007ffa240d6000 	C:\WINDOWS\System32\RPCRT4.dll
0x00007ffa07220000 - 0x00007ffa07229000 	C:\WINDOWS\SYSTEM32\WSOCK32.dll
0x00007ff9f0890000 - 0x00007ff9f08b7000 	C:\WINDOWS\SYSTEM32\WINMM.dll
0x00007ffa1a170000 - 0x00007ffa1a17a000 	C:\WINDOWS\SYSTEM32\VERSION.dll
0x00007ffa25ca0000 - 0x00007ffa25d0b000 	C:\WINDOWS\System32\WS2_32.dll
0x00007ffa214d0000 - 0x00007ffa214e2000 	C:\WINDOWS\SYSTEM32\kernel.appcore.dll
0x00007ffa1a190000 - 0x00007ffa1a19a000 	C:\sts-4.17.2.RELEASE\plugins\org.eclipse.justj.openjdk.hotspot.jre.full.win32.x86_64_17.0.6.v20230125-1136\jre\bin\jimage.dll
0x00007ffa21080000 - 0x00007ffa21264000 	C:\WINDOWS\SYSTEM32\DBGHELP.DLL
0x00007ffa0c9f0000 - 0x00007ffa0ca24000 	C:\WINDOWS\SYSTEM32\dbgcore.DLL
0x00007ffa23d20000 - 0x00007ffa23da2000 	C:\WINDOWS\System32\bcryptPrimitives.dll
0x00007ff9fc610000 - 0x00007ff9fc635000 	C:\sts-4.17.2.RELEASE\plugins\org.eclipse.justj.openjdk.hotspot.jre.full.win32.x86_64_17.0.6.v20230125-1136\jre\bin\java.dll

dbghelp: loaded successfully - version: 4.0.5 - missing functions: none
symbol engine: initialized successfully - sym options: 0x614 - pdb path: .;C:\sts-4.17.2.RELEASE\plugins\org.eclipse.justj.openjdk.hotspot.jre.full.win32.x86_64_17.0.6.v20230125-1136\jre\bin;C:\WINDOWS\SYSTEM32;C:\WINDOWS\WinSxS\amd64_microsoft.windows.common-controls_6595b64144ccf1df_6.0.19041.1110_none_60b5254171f9507e;C:\sts-4.17.2.RELEASE\plugins\org.eclipse.justj.openjdk.hotspot.jre.full.win32.x86_64_17.0.6.v20230125-1136\jre\bin\server

VM Arguments:
jvm_args: -Dcom.sun.management.jmxremote -Dcom.sun.management.jmxremote.port=62082 -Dcom.sun.management.jmxremote.authenticate=false -Dcom.sun.management.jmxremote.ssl=false -Djava.rmi.server.hostname=localhost -Dspring.jmx.enabled=true -Dmanagement.endpoints.jmx.exposure.include=* -Dspring.application.admin.enabled=true -XX:TieredStopAtLevel=1 -Dspring.boot.project.name=momento -Dfile.encoding=UTF-8 -XX:+ShowCodeDetailsInExceptionMessages 
java_command: project.momento.MerongApplication --spring.output.ansi.enabled=always
java_class_path (initial): C:\Users\anyware\git\DCX-Final_Project\bin\main;C:\Users\anyware\.gradle\caches\modules-2\files-2.1\org.projectlombok\lombok\1.18.26\8f8cf0372abf564913e9796623aac4c8ea44025a\lombok-1.18.26.jar;C:\Users\anyware\.gradle\caches\modules-2\files-2.1\org.springframework.boot\spring-boot-starter-thymeleaf\3.0.6\3a94578348f92f586ebf57a60a4363a842f0fe5c\spring-boot-starter-thymeleaf-3.0.6.jar;C:\Users\anyware\.gradle\caches\modules-2\files-2.1\org.springframework.boot\spring-boot-starter-websocket\3.0.6\6a981ef4f646e568ef19bec758e8b3d8d8f3b941\spring-boot-starter-websocket-3.0.6.jar;C:\Users\anyware\.gradle\caches\modules-2\files-2.1\org.springframework.boot\spring-boot-starter-web\3.0.6\7c6597cae584c359d7e4ddea6e006176e0c15936\spring-boot-starter-web-3.0.6.jar;C:\Users\anyware\.gradle\caches\modules-2\files-2.1\nz.net.ultraq.thymeleaf\thymeleaf-layout-dialect\3.1.0\a3f0e5a1c458b104c0e90efb1cb513e3eaf99d71\thymeleaf-layout-dialect-3.1.0.jar;C:\Users\anyware\.gradle\caches\modules-2\files-2.1\org.mybatis.spring.boot\mybatis-spring-boot-starter\3.0.0\a111b1f4573256fd5511def95bb5a426b9c93a4c\mybatis-spring-boot-starter-3.0.0.jar;C:\Users\anyware\.gradle\caches\modules-2\files-2.1\org.springframework.boot\spring-boot-starter-security\3.0.6\e9f3c6cf299f1dd967f5a7fbca7815183c4ba4b1\spring-boot-starter-security-3.0.6.jar;C:\Users\anyware\.gradle\caches\modules-2\files-2.1\org.springframework.security\spring-security-test\6.0.3\f08c5f821ab808fc600ea819ebbdb14ee7b399e9\spring-security-test-6.0.3.jar;C:\Users\anyware\.gradle\caches\modules-2\files-2.1\org.webjars\webjars-locator-core\0.52\f219134c6b8d4aebfea70f135b2f80dc2794253f\webjars-locator-core-0.52.jar;C:\Users\anyware\.gradle\caches\modules-2\files-2.1\org.webjars\sockjs-client\1.0.2\38abdad784d10a7fd9e25af81bdf47016e8ee50d\sockjs-client-1.0.2.jar;C:\Users\anyware\.gradle\caches\modules-2\files-2.1\org.webjars\stomp-websocket\2.3.3\3ac153b386f7945bc756709df3d171105e8fd2d5\stomp-websocket-2.3.3.jar;C
Launcher Type: SUN_STANDARD

[Global flags]
     intx CICompilerCount                          = 4                                         {product} {ergonomic}
     uint ConcGCThreads                            = 2                                         {product} {ergonomic}
     uint G1ConcRefinementThreads                  = 8                                         {product} {ergonomic}
   size_t G1HeapRegionSize                         = 1048576                                   {product} {ergonomic}
    uintx GCDrainStackTargetSize                   = 64                                        {product} {ergonomic}
   size_t InitialHeapSize                          = 134217728                                 {product} {ergonomic}
     bool ManagementServer                         = true                                      {product} {command line}
   size_t MarkStackSize                            = 4194304                                   {product} {ergonomic}
   size_t MaxHeapSize                              = 2124414976                                {product} {ergonomic}
   size_t MinHeapDeltaBytes                        = 1048576                                   {product} {ergonomic}
   size_t MinHeapSize                              = 8388608                                   {product} {ergonomic}
    uintx NonProfiledCodeHeapSize                  = 0                                      {pd product} {ergonomic}
     bool ProfileInterpreter                       = false                                  {pd product} {command line}
    uintx ProfiledCodeHeapSize                     = 0                                      {pd product} {ergonomic}
     bool ShowCodeDetailsInExceptionMessages       = true                                   {manageable} {command line}
   size_t SoftMaxHeapSize                          = 2124414976                             {manageable} {ergonomic}
     intx TieredStopAtLevel                        = 1                                         {product} {command line}
     bool UseCompressedClassPointers               = true                           {product lp64_product} {ergonomic}
     bool UseCompressedOops                        = true                           {product lp64_product} {ergonomic}
     bool UseG1GC                                  = true                                      {product} {ergonomic}
     bool UseLargePagesIndividualAllocation        = false                                  {pd product} {ergonomic}

Logging:
Log output configuration:
 #0: stdout all=warning uptime,level,tags
 #1: stderr all=off uptime,level,tags

Environment Variables:
PATH=C:/sts-4.17.2.RELEASE//plugins/org.eclipse.justj.openjdk.hotspot.jre.full.win32.x86_64_17.0.6.v20230125-1136/jre/bin/server;C:/sts-4.17.2.RELEASE//plugins/org.eclipse.justj.openjdk.hotspot.jre.full.win32.x86_64_17.0.6.v20230125-1136/jre/bin;C:\Program Files\Java\jdk1.8.0_171\bin;C:\Program Files\Common Files\Oracle\Java\javapath;C:\app\anyware\product\21c\dbhomeXE\bin;C:\Program Files (x86)\VMware\VMware Player\bin\;C:\Program Files (x86)\Common Files\Oracle\Java\javapath;C:\Program Files (x86)\Intel\Intel(R) Management Engine Components\iCLS\;C:\Program Files\Intel\Intel(R) Management Engine Components\iCLS\;C:\WINDOWS\system32;C:\WINDOWS;C:\WINDOWS\System32\Wbem;C:\WINDOWS\System32\WindowsPowerShell\v1.0\;C:\WINDOWS\System32\OpenSSH\;C:\Program Files (x86)\Intel\Intel(R) Management Engine Components\DAL;C:\Program Files\Intel\Intel(R) Management Engine Components\DAL;C:\Program Files\Git\cmd;C:\Program Files (x86)\PuTTY\;C:\Program Files\MySQL\MySQL Shell 8.0\bin\;C:\Users\anyware\AppData\Local\Programs\Python\Python38\Scripts\;C:\Users\anyware\AppData\Local\Programs\Python\Python38\;C:\Users\anyware\AppData\Local\Microsoft\WindowsApps;;C:\Program Files\JetBrains\PyCharm Community Edition 2022.1.3\bin;;C:\sts-4.17.2.RELEASE;
USERNAME=anyware
OS=Windows_NT
PROCESSOR_IDENTIFIER=Intel64 Family 6 Model 142 Stepping 10, GenuineIntel
TMP=C:\Users\anyware\AppData\Local\Temp
TEMP=C:\Users\anyware\AppData\Local\Temp



---------------  S Y S T E M  ---------------

OS:
 Windows 10 , 64 bit Build 19041 (10.0.19041.2913)
OS uptime: 16 days 19:57 hours

CPU: total 8 (initial active 8) (4 cores per cpu, 2 threads per core) family 6 model 142 stepping 10 microcode 0xb4, cx8, cmov, fxsr, ht, mmx, 3dnowpref, sse, sse2, sse3, ssse3, sse4.1, sse4.2, popcnt, lzcnt, tsc, tscinvbit, avx, avx2, aes, erms, clmul, bmi1, bmi2, adx, fma, vzeroupper, clflush, clflushopt

Memory: 4k page, system-wide physical 8103M (685M free)
TotalPageFile size 21266M (AvailPageFile size 59M)
current process WorkingSet (physical memory assigned to process): 10M, peak: 10M
current process commit charge ("private bytes"): 55M, peak: 183M

vm_info: OpenJDK 64-Bit Server VM (17.0.6+10) for windows-amd64 JRE (17.0.6+10), built on Jan 18 2023 10:08:59 by "temurin" with MS VC++ 16.7 (VS2019)

END.
